Change Component Designator: Old Designator=C1 New Designator=C9
Change Component Designator: Old Designator=C2 New Designator=C10
Change Component Designator: Old Designator=C3 New Designator=C1
Change Component Designator: Old Designator=C4 New Designator=C2
Change Component Designator: Old Designator=C5 New Designator=C3
Change Component Designator: Old Designator=C6 New Designator=C4
Change Component Designator: Old Designator=C7 New Designator=C5
Change Component Designator: Old Designator=C8 New Designator=C6
Change Component Designator: Old Designator=C9 New Designator=C7
Change Component Designator: Old Designator=C10 New Designator=C8
Change Component Designator: Old Designator=CADJ New Designator=CADJ1
Change Component Designator: Old Designator=CBYP New Designator=CBYP1
Change Component Designator: Old Designator=CIn New Designator=CIn1
Change Component Designator: Old Designator=Csnb New Designator=Csnb1
Change Component Designator: Old Designator=CVCC New Designator=CVCC1
Change Component Designator: Old Designator=R3 New Designator=R1
Change Component Designator: Old Designator=RADJ New Designator=RADJ1
Change Component Designator: Old Designator=RFB1 New Designator=RFB2
Change Component Designator: Old Designator=RFB2 New Designator=RFB1
Change Component Designator: Old Designator=RSens New Designator=RSens1
Change Component Designator: Old Designator=Rsnb New Designator=Rsnb1
Change Component Designator: Old Designator=Rt New Designator=Rt1
